Traceback (most recent call last):
  File "/home/wsaelens/projects/probabilistic-cell/.venv/lib/python3.8/site-packages/jupyter_cache/executors/utils.py", line 51, in single_nb_execution
    executenb(
  File "/home/wsaelens/projects/probabilistic-cell/.venv/lib/python3.8/site-packages/nbclient/client.py", line 1117, in execute
    return NotebookClient(nb=nb, resources=resources, km=km, **kwargs).execute()
  File "/home/wsaelens/projects/probabilistic-cell/.venv/lib/python3.8/site-packages/nbclient/util.py", line 78, in wrapped
    return just_run(coro(*args, **kwargs))
  File "/home/wsaelens/projects/probabilistic-cell/.venv/lib/python3.8/site-packages/nbclient/util.py", line 57, in just_run
    return loop.run_until_complete(coro)
  File "/usr/lib/python3.8/asyncio/base_events.py", line 616, in run_until_complete
    return future.result()
  File "/home/wsaelens/projects/probabilistic-cell/.venv/lib/python3.8/site-packages/nbclient/client.py", line 558, in async_execute
    await self.async_execute_cell(
  File "/home/wsaelens/projects/probabilistic-cell/.venv/lib/python3.8/site-packages/nbclient/client.py", line 862, in async_execute_cell
    self._check_raise_for_error(cell, exec_reply)
  File "/home/wsaelens/projects/probabilistic-cell/.venv/lib/python3.8/site-packages/nbclient/client.py", line 765, in _check_raise_for_error
    raise CellExecutionError.from_cell_and_msg(cell, exec_reply_content)
nbclient.exceptions.CellExecutionError: An error occurred while executing the following cell:
------------------
y = la.links.scalar.Spline(x = x, a = a, b = intercept)
dist = la.distributions.Normal(loc = y, scale = scale)
------------------

[0;31m---------------------------------------------------------------------------[0m
[0;31mAttributeError[0m                            Traceback (most recent call last)
[0;32m/tmp/ipykernel_412018/3089448267.py[0m in [0;36m<module>[0;34m[0m
[0;32m----> 1[0;31m [0my[0m [0;34m=[0m [0mla[0m[0;34m.[0m[0mlinks[0m[0;34m.[0m[0mscalar[0m[0;34m.[0m[0mSpline[0m[0;34m([0m[0mx[0m [0;34m=[0m [0mx[0m[0;34m,[0m [0ma[0m [0;34m=[0m [0ma[0m[0;34m,[0m [0mb[0m [0;34m=[0m [0mintercept[0m[0;34m)[0m[0;34m[0m[0;34m[0m[0m
[0m[1;32m      2[0m [0mdist[0m [0;34m=[0m [0mla[0m[0;34m.[0m[0mdistributions[0m[0;34m.[0m[0mNormal[0m[0;34m([0m[0mloc[0m [0;34m=[0m [0my[0m[0;34m,[0m [0mscale[0m [0;34m=[0m [0mscale[0m[0;34m)[0m[0;34m[0m[0;34m[0m[0m

[0;32m~/projects/probabilistic-cell/latenta/src/latenta/links/scalar/spline.py[0m in [0;36m__init__[0;34m(self, x, knot, a, smoothness, n_knots, basis, relative_smoothness, circular, step_distribution, **kwargs)[0m
[1;32m    258[0m     ):
[1;32m    259[0m         self.circular = (circular is True) or (
[0;32m--> 260[0;31m             [0;34m([0m[0mx[0m[0;34m.[0m[0mdistribution[0m [0;32mis[0m [0;32mnot[0m [0;32mNone[0m[0;34m)[0m[0;34m[0m[0;34m[0m[0m
[0m[1;32m    261[0m             [0;32mand[0m [0;34m([0m[0;34m"Circular"[0m [0;32min[0m [0mx[0m[0;34m.[0m[0mdistribution[0m[0;34m.[0m[0msupport[0m[0;34m.[0m[0m__class__[0m[0;34m.[0m[0m__name__[0m[0;34m)[0m[0;34m[0m[0;34m[0m[0m
[1;32m    262[0m         )

[0;32m~/projects/probabilistic-cell/latenta/src/latenta/variables/fixed.py[0m in [0;36mdistribution[0;34m(self)[0m
[1;32m     30[0m     [0;34m@[0m[0mproperty[0m[0;34m[0m[0;34m[0m[0m
[1;32m     31[0m     [0;32mdef[0m [0mdistribution[0m[0;34m([0m[0mself[0m[0;34m)[0m[0;34m:[0m[0;34m[0m[0;34m[0m[0m
[0;32m---> 32[0;31m         [0;32mif[0m [0mself[0m[0;34m.[0m[0m_distribution[0m [0;32mis[0m [0;32mnot[0m [0;32mNone[0m[0;34m:[0m[0;34m[0m[0;34m[0m[0m
[0m[1;32m     33[0m             [0mdistribution[0m [0;34m=[0m [0mself[0m[0;34m.[0m[0m_distribution[0m[0;34m.[0m[0mto[0m[0;34m([0m[0mself[0m[0;34m.[0m[0mdevice[0m[0;34m)[0m[0;34m[0m[0;34m[0m[0m
[1;32m     34[0m         [0;32melse[0m[0;34m:[0m[0;34m[0m[0;34m[0m[0m

[0;31mAttributeError[0m: 'Fixed' object has no attribute '_distribution'
AttributeError: 'Fixed' object has no attribute '_distribution'

